2022-07-13 00:11:49.311  INFO 3300 --- [restartedMain] c.b.e.EmployeePayrollApplication         : Starting EmployeePayrollApplication using Java 17.0.1 on DESKTOP-LPHCEAQ with PID 3300 (C:\Users\ADMIN\IdeaProjects\EmployeePayrollApplication\target\classes started by ADMIN in C:\Users\ADMIN\IdeaProjects\EmployeePayrollApplication)
2022-07-13 00:11:49.322 DEBUG 3300 --- [restartedMain] c.b.e.EmployeePayrollApplication         : Running with Spring Boot v2.6.7, Spring v5.3.19
2022-07-13 00:11:49.323  INFO 3300 --- [restartedMain] c.b.e.EmployeePayrollApplication         : The following 1 profile is active: "dev"
2022-07-13 00:11:49.415  INFO 3300 --- [restartedMain] .e.DevToolsPropertyDefaultsPostProcessor : Devtools property defaults active! Set 'spring.devtools.add-properties' to 'false' to disable
2022-07-13 00:11:49.416  INFO 3300 --- [restartedMain] .e.DevToolsPropertyDefaultsPostProcessor : For additional web related logging consider setting the 'logging.level.web' property to 'DEBUG'
2022-07-13 00:11:50.274  INFO 3300 --- [restartedMain] .s.d.r.c.RepositoryConfigurationDelegate : Bootstrapping Spring Data JPA repositories in DEFAULT mode.
2022-07-13 00:11:50.301  INFO 3300 --- [restartedMain] .s.d.r.c.RepositoryConfigurationDelegate : Finished Spring Data repository scanning in 13 ms. Found 0 JPA repository interfaces.
2022-07-13 00:11:51.243  INFO 3300 --- [restartedMain] o.s.b.w.embedded.tomcat.TomcatWebServer  : Tomcat initialized with port(s): 8080 (http)
2022-07-13 00:11:51.246  INFO 3300 --- [restartedMain] o.a.catalina.core.AprLifecycleListener   : Loaded Apache Tomcat Native library [1.2.33] using APR version [1.7.0].
2022-07-13 00:11:51.247  INFO 3300 --- [restartedMain] o.a.catalina.core.AprLifecycleListener   : APR capabilities: IPv6 [true], sendfile [true], accept filters [false], random [true], UDS [true].
2022-07-13 00:11:51.248  INFO 3300 --- [restartedMain] o.a.catalina.core.AprLifecycleListener   : APR/OpenSSL configuration: useAprConnector [false], useOpenSSL [true]
2022-07-13 00:11:51.269  INFO 3300 --- [restartedMain] o.a.catalina.core.AprLifecycleListener   : OpenSSL successfully initialized [OpenSSL 1.1.1o  3 May 2022]
2022-07-13 00:11:51.278  INFO 3300 --- [restartedMain] o.apache.catalina.core.StandardService   : Starting service [Tomcat]
2022-07-13 00:11:51.279  INFO 3300 --- [restartedMain] org.apache.catalina.core.StandardEngine  : Starting Servlet engine: [Apache Tomcat/9.0.62]
2022-07-13 00:11:51.389  INFO 3300 --- [restartedMain] o.a.c.c.C.[Tomcat].[localhost].[/]       : Initializing Spring embedded WebApplicationContext
2022-07-13 00:11:51.390  INFO 3300 --- [restartedMain] w.s.c.ServletWebServerApplicationContext : Root WebApplicationContext: initialization completed in 1972 ms
2022-07-13 00:11:51.855  INFO 3300 --- [restartedMain] com.zaxxer.hikari.HikariDataSource       : HikariPool-1 - Starting...
2022-07-13 00:11:52.603  INFO 3300 --- [restartedMain] com.zaxxer.hikari.HikariDataSource       : HikariPool-1 - Start completed.
2022-07-13 00:11:52.955  INFO 3300 --- [restartedMain] j.LocalContainerEntityManagerFactoryBean : Initialized JPA EntityManagerFactory for persistence unit 'default'
2022-07-13 00:11:53.065  WARN 3300 --- [restartedMain] JpaBaseConfiguration$JpaWebConfiguration : spring.jpa.open-in-view is enabled by default. Therefore, database queries may be performed during view rendering. Explicitly configure spring.jpa.open-in-view to disable this warning
2022-07-13 00:11:53.627  INFO 3300 --- [restartedMain] o.s.b.d.a.OptionalLiveReloadServer       : LiveReload server is running on port 35729
2022-07-13 00:11:53.689  INFO 3300 --- [restartedMain] o.s.b.w.embedded.tomcat.TomcatWebServer  : Tomcat started on port(s): 8080 (http) with context path ''
2022-07-13 00:11:53.712  INFO 3300 --- [restartedMain] c.b.e.EmployeePayrollApplication         : Started EmployeePayrollApplication in 4.895 seconds (JVM running for 5.699)
2022-07-13 00:11:53.719  INFO 3300 --- [restartedMain] c.b.e.EmployeePayrollApplication         : Employee Payroll App Started in { } Environment
2022-07-13 00:11:58.537  INFO 3300 --- [http-nio-8080-exec-1] o.a.c.c.C.[Tomcat].[localhost].[/]       : Initializing Spring DispatcherServlet 'dispatcherServlet'
2022-07-13 00:12:11.642  WARN 3300 --- [http-nio-8080-exec-7] .m.m.a.ExceptionHandlerExceptionResolver : Resolved [com.bridgelabz.employeepayrollapplication.exception.EmployeePayrollException: Employee Not Found]
2022-07-13 00:12:41.709  WARN 3300 --- [http-nio-8080-exec-9] .w.s.m.s.DefaultHandlerExceptionResolver : Resolved [org.springframework.web.HttpRequestMethodNotSupportedException: Request method 'GET' not supported]
2022-07-13 00:23:42.750  INFO 3300 --- [SpringApplicationShutdownHook] j.LocalContainerEntityManagerFactoryBean : Closing JPA EntityManagerFactory for persistence unit 'default'
2022-07-13 00:23:42.766  INFO 3300 --- [SpringApplicationShutdownHook] com.zaxxer.hikari.HikariDataSource       : HikariPool-1 - Shutdown initiated...
2022-07-13 00:23:42.790  INFO 3300 --- [SpringApplicationShutdownHook] com.zaxxer.hikari.HikariDataSource       : HikariPool-1 - Shutdown completed.
2022-07-13 00:23:46.574  INFO 12468 --- [restartedMain] c.b.e.EmployeePayrollApplication         : Starting EmployeePayrollApplication using Java 17.0.1 on DESKTOP-LPHCEAQ with PID 12468 (C:\Users\ADMIN\IdeaProjects\EmployeePayrollApplication\target\classes started by ADMIN in C:\Users\ADMIN\IdeaProjects\EmployeePayrollApplication)
2022-07-13 00:23:46.575 DEBUG 12468 --- [restartedMain] c.b.e.EmployeePayrollApplication         : Running with Spring Boot v2.6.7, Spring v5.3.19
2022-07-13 00:23:46.576  INFO 12468 --- [restartedMain] c.b.e.EmployeePayrollApplication         : The following 1 profile is active: "dev"
2022-07-13 00:23:46.620  INFO 12468 --- [restartedMain] .e.DevToolsPropertyDefaultsPostProcessor : Devtools property defaults active! Set 'spring.devtools.add-properties' to 'false' to disable
2022-07-13 00:23:46.621  INFO 12468 --- [restartedMain] .e.DevToolsPropertyDefaultsPostProcessor : For additional web related logging consider setting the 'logging.level.web' property to 'DEBUG'
2022-07-13 00:23:47.170  INFO 12468 --- [restartedMain] .s.d.r.c.RepositoryConfigurationDelegate : Bootstrapping Spring Data JPA repositories in DEFAULT mode.
2022-07-13 00:23:47.193  INFO 12468 --- [restartedMain] .s.d.r.c.RepositoryConfigurationDelegate : Finished Spring Data repository scanning in 12 ms. Found 0 JPA repository interfaces.
2022-07-13 00:23:47.932  INFO 12468 --- [restartedMain] o.s.b.w.embedded.tomcat.TomcatWebServer  : Tomcat initialized with port(s): 8080 (http)
2022-07-13 00:23:47.933  INFO 12468 --- [restartedMain] o.a.catalina.core.AprLifecycleListener   : Loaded Apache Tomcat Native library [1.2.33] using APR version [1.7.0].
2022-07-13 00:23:47.934  INFO 12468 --- [restartedMain] o.a.catalina.core.AprLifecycleListener   : APR capabilities: IPv6 [true], sendfile [true], accept filters [false], random [true], UDS [true].
2022-07-13 00:23:47.934  INFO 12468 --- [restartedMain] o.a.catalina.core.AprLifecycleListener   : APR/OpenSSL configuration: useAprConnector [false], useOpenSSL [true]
2022-07-13 00:23:47.938  INFO 12468 --- [restartedMain] o.a.catalina.core.AprLifecycleListener   : OpenSSL successfully initialized [OpenSSL 1.1.1o  3 May 2022]
2022-07-13 00:23:47.948  INFO 12468 --- [restartedMain] o.apache.catalina.core.StandardService   : Starting service [Tomcat]
2022-07-13 00:23:47.949  INFO 12468 --- [restartedMain] org.apache.catalina.core.StandardEngine  : Starting Servlet engine: [Apache Tomcat/9.0.62]
2022-07-13 00:23:48.104  INFO 12468 --- [restartedMain] o.a.c.c.C.[Tomcat].[localhost].[/]       : Initializing Spring embedded WebApplicationContext
2022-07-13 00:23:48.104  INFO 12468 --- [restartedMain] w.s.c.ServletWebServerApplicationContext : Root WebApplicationContext: initialization completed in 1483 ms
2022-07-13 00:23:48.694  INFO 12468 --- [restartedMain] com.zaxxer.hikari.HikariDataSource       : HikariPool-1 - Starting...
2022-07-13 00:23:49.161  INFO 12468 --- [restartedMain] com.zaxxer.hikari.HikariDataSource       : HikariPool-1 - Start completed.
2022-07-13 00:23:49.473  INFO 12468 --- [restartedMain] j.LocalContainerEntityManagerFactoryBean : Initialized JPA EntityManagerFactory for persistence unit 'default'
2022-07-13 00:23:49.544  WARN 12468 --- [restartedMain] JpaBaseConfiguration$JpaWebConfiguration : spring.jpa.open-in-view is enabled by default. Therefore, database queries may be performed during view rendering. Explicitly configure spring.jpa.open-in-view to disable this warning
2022-07-13 00:23:49.897  INFO 12468 --- [restartedMain] o.s.b.d.a.OptionalLiveReloadServer       : LiveReload server is running on port 35729
2022-07-13 00:23:49.955  INFO 12468 --- [restartedMain] o.s.b.w.embedded.tomcat.TomcatWebServer  : Tomcat started on port(s): 8080 (http) with context path ''
2022-07-13 00:23:49.975  INFO 12468 --- [restartedMain] c.b.e.EmployeePayrollApplication         : Started EmployeePayrollApplication in 3.86 seconds (JVM running for 4.764)
2022-07-13 00:23:49.981  INFO 12468 --- [restartedMain] c.b.e.EmployeePayrollApplication         : Employee Payroll App Started in { } Environment
2022-07-13 00:34:51.084  INFO 12468 --- [SpringApplicationShutdownHook] j.LocalContainerEntityManagerFactoryBean : Closing JPA EntityManagerFactory for persistence unit 'default'
2022-07-13 00:34:51.098  INFO 12468 --- [SpringApplicationShutdownHook] com.zaxxer.hikari.HikariDataSource       : HikariPool-1 - Shutdown initiated...
2022-07-13 00:34:51.119  INFO 12468 --- [SpringApplicationShutdownHook] com.zaxxer.hikari.HikariDataSource       : HikariPool-1 - Shutdown completed.
2022-07-13 00:34:56.456  INFO 10656 --- [restartedMain] c.b.e.EmployeePayrollApplication         : Starting EmployeePayrollApplication using Java 17.0.1 on DESKTOP-LPHCEAQ with PID 10656 (C:\Users\ADMIN\IdeaProjects\EmployeePayrollApplication\target\classes started by ADMIN in C:\Users\ADMIN\IdeaProjects\EmployeePayrollApplication)
2022-07-13 00:34:56.458 DEBUG 10656 --- [restartedMain] c.b.e.EmployeePayrollApplication         : Running with Spring Boot v2.6.7, Spring v5.3.19
2022-07-13 00:34:56.459  INFO 10656 --- [restartedMain] c.b.e.EmployeePayrollApplication         : The following 1 profile is active: "dev"
2022-07-13 00:34:56.509  INFO 10656 --- [restartedMain] .e.DevToolsPropertyDefaultsPostProcessor : Devtools property defaults active! Set 'spring.devtools.add-properties' to 'false' to disable
2022-07-13 00:34:56.510  INFO 10656 --- [restartedMain] .e.DevToolsPropertyDefaultsPostProcessor : For additional web related logging consider setting the 'logging.level.web' property to 'DEBUG'
2022-07-13 00:34:57.123  INFO 10656 --- [restartedMain] .s.d.r.c.RepositoryConfigurationDelegate : Bootstrapping Spring Data JPA repositories in DEFAULT mode.
2022-07-13 00:34:57.144  INFO 10656 --- [restartedMain] .s.d.r.c.RepositoryConfigurationDelegate : Finished Spring Data repository scanning in 9 ms. Found 0 JPA repository interfaces.
2022-07-13 00:34:57.844  INFO 10656 --- [restartedMain] o.s.b.w.embedded.tomcat.TomcatWebServer  : Tomcat initialized with port(s): 8080 (http)
2022-07-13 00:34:57.846  INFO 10656 --- [restartedMain] o.a.catalina.core.AprLifecycleListener   : Loaded Apache Tomcat Native library [1.2.33] using APR version [1.7.0].
2022-07-13 00:34:57.846  INFO 10656 --- [restartedMain] o.a.catalina.core.AprLifecycleListener   : APR capabilities: IPv6 [true], sendfile [true], accept filters [false], random [true], UDS [true].
2022-07-13 00:34:57.847  INFO 10656 --- [restartedMain] o.a.catalina.core.AprLifecycleListener   : APR/OpenSSL configuration: useAprConnector [false], useOpenSSL [true]
2022-07-13 00:34:57.850  INFO 10656 --- [restartedMain] o.a.catalina.core.AprLifecycleListener   : OpenSSL successfully initialized [OpenSSL 1.1.1o  3 May 2022]
2022-07-13 00:34:57.856  INFO 10656 --- [restartedMain] o.apache.catalina.core.StandardService   : Starting service [Tomcat]
2022-07-13 00:34:57.857  INFO 10656 --- [restartedMain] org.apache.catalina.core.StandardEngine  : Starting Servlet engine: [Apache Tomcat/9.0.62]
2022-07-13 00:34:57.951  INFO 10656 --- [restartedMain] o.a.c.c.C.[Tomcat].[localhost].[/]       : Initializing Spring embedded WebApplicationContext
2022-07-13 00:34:57.952  INFO 10656 --- [restartedMain] w.s.c.ServletWebServerApplicationContext : Root WebApplicationContext: initialization completed in 1442 ms
2022-07-13 00:34:58.301  INFO 10656 --- [restartedMain] com.zaxxer.hikari.HikariDataSource       : HikariPool-1 - Starting...
2022-07-13 00:34:58.683  INFO 10656 --- [restartedMain] com.zaxxer.hikari.HikariDataSource       : HikariPool-1 - Start completed.
2022-07-13 00:34:59.118  INFO 10656 --- [restartedMain] j.LocalContainerEntityManagerFactoryBean : Initialized JPA EntityManagerFactory for persistence unit 'default'
2022-07-13 00:34:59.226  WARN 10656 --- [restartedMain] JpaBaseConfiguration$JpaWebConfiguration : spring.jpa.open-in-view is enabled by default. Therefore, database queries may be performed during view rendering. Explicitly configure spring.jpa.open-in-view to disable this warning
2022-07-13 00:34:59.780  INFO 10656 --- [restartedMain] o.s.b.d.a.OptionalLiveReloadServer       : LiveReload server is running on port 35729
2022-07-13 00:34:59.854  INFO 10656 --- [restartedMain] o.s.b.w.embedded.tomcat.TomcatWebServer  : Tomcat started on port(s): 8080 (http) with context path ''
2022-07-13 00:34:59.868  INFO 10656 --- [restartedMain] c.b.e.EmployeePayrollApplication         : Started EmployeePayrollApplication in 3.81 seconds (JVM running for 4.629)
2022-07-13 00:34:59.872  INFO 10656 --- [restartedMain] c.b.e.EmployeePayrollApplication         : Employee Payroll App Started in { } Environment
2022-07-13 12:06:56.557  INFO 11684 --- [restartedMain] c.b.e.EmployeePayrollApplication         : Starting EmployeePayrollApplication using Java 17.0.1 on DESKTOP-LPHCEAQ with PID 11684 (C:\Users\ADMIN\IdeaProjects\EmployeePayrollApplication\target\classes started by ADMIN in C:\Users\ADMIN\IdeaProjects\EmployeePayrollApplication)
2022-07-13 12:06:56.559 DEBUG 11684 --- [restartedMain] c.b.e.EmployeePayrollApplication         : Running with Spring Boot v2.6.7, Spring v5.3.19
2022-07-13 12:06:56.560  INFO 11684 --- [restartedMain] c.b.e.EmployeePayrollApplication         : The following 1 profile is active: "dev"
2022-07-13 12:06:56.663  INFO 11684 --- [restartedMain] .e.DevToolsPropertyDefaultsPostProcessor : Devtools property defaults active! Set 'spring.devtools.add-properties' to 'false' to disable
2022-07-13 12:06:56.664  INFO 11684 --- [restartedMain] .e.DevToolsPropertyDefaultsPostProcessor : For additional web related logging consider setting the 'logging.level.web' property to 'DEBUG'
2022-07-13 12:06:57.602  INFO 11684 --- [restartedMain] .s.d.r.c.RepositoryConfigurationDelegate : Bootstrapping Spring Data JPA repositories in DEFAULT mode.
2022-07-13 12:06:57.659  INFO 11684 --- [restartedMain] .s.d.r.c.RepositoryConfigurationDelegate : Finished Spring Data repository scanning in 44 ms. Found 1 JPA repository interfaces.
2022-07-13 12:06:58.456  INFO 11684 --- [restartedMain] o.s.b.w.embedded.tomcat.TomcatWebServer  : Tomcat initialized with port(s): 8080 (http)
2022-07-13 12:06:58.457  INFO 11684 --- [restartedMain] o.a.catalina.core.AprLifecycleListener   : Loaded Apache Tomcat Native library [1.2.33] using APR version [1.7.0].
2022-07-13 12:06:58.458  INFO 11684 --- [restartedMain] o.a.catalina.core.AprLifecycleListener   : APR capabilities: IPv6 [true], sendfile [true], accept filters [false], random [true], UDS [true].
2022-07-13 12:06:58.458  INFO 11684 --- [restartedMain] o.a.catalina.core.AprLifecycleListener   : APR/OpenSSL configuration: useAprConnector [false], useOpenSSL [true]
2022-07-13 12:06:58.487  INFO 11684 --- [restartedMain] o.a.catalina.core.AprLifecycleListener   : OpenSSL successfully initialized [OpenSSL 1.1.1o  3 May 2022]
2022-07-13 12:06:58.505  INFO 11684 --- [restartedMain] o.apache.catalina.core.StandardService   : Starting service [Tomcat]
2022-07-13 12:06:58.506  INFO 11684 --- [restartedMain] org.apache.catalina.core.StandardEngine  : Starting Servlet engine: [Apache Tomcat/9.0.62]
2022-07-13 12:06:58.654  INFO 11684 --- [restartedMain] o.a.c.c.C.[Tomcat].[localhost].[/]       : Initializing Spring embedded WebApplicationContext
2022-07-13 12:06:58.655  INFO 11684 --- [restartedMain] w.s.c.ServletWebServerApplicationContext : Root WebApplicationContext: initialization completed in 1990 ms
2022-07-13 12:06:59.319  INFO 11684 --- [restartedMain] com.zaxxer.hikari.HikariDataSource       : HikariPool-1 - Starting...
2022-07-13 12:06:59.712  INFO 11684 --- [restartedMain] com.zaxxer.hikari.HikariDataSource       : HikariPool-1 - Start completed.
2022-07-13 12:07:01.212  INFO 11684 --- [restartedMain] j.LocalContainerEntityManagerFactoryBean : Initialized JPA EntityManagerFactory for persistence unit 'default'
2022-07-13 12:07:01.497  WARN 11684 --- [restartedMain] JpaBaseConfiguration$JpaWebConfiguration : spring.jpa.open-in-view is enabled by default. Therefore, database queries may be performed during view rendering. Explicitly configure spring.jpa.open-in-view to disable this warning
2022-07-13 12:07:01.933  INFO 11684 --- [restartedMain] o.s.b.d.a.OptionalLiveReloadServer       : LiveReload server is running on port 35729
2022-07-13 12:07:01.982  INFO 11684 --- [restartedMain] o.s.b.w.embedded.tomcat.TomcatWebServer  : Tomcat started on port(s): 8080 (http) with context path ''
2022-07-13 12:07:01.994  INFO 11684 --- [restartedMain] c.b.e.EmployeePayrollApplication         : Started EmployeePayrollApplication in 5.895 seconds (JVM running for 6.615)
2022-07-13 12:07:01.997  INFO 11684 --- [restartedMain] c.b.e.EmployeePayrollApplication         : Employee Payroll App Started in { } Environment
2022-07-13 12:12:55.957  INFO 11684 --- [http-nio-8080-exec-2] o.a.c.c.C.[Tomcat].[localhost].[/]       : Initializing Spring DispatcherServlet 'dispatcherServlet'
2022-07-13 12:18:37.676 ERROR 11684 --- [http-nio-8080-exec-5] c.b.e.e.EmployeePayrollExceptionHandler  : invalid date format

org.springframework.http.converter.HttpMessageNotReadableException: JSON parse error: Unexpected character ('"' (code 34)): was expecting comma to separate Object entries; nested exception is com.fasterxml.jackson.core.JsonParseException: Unexpected character ('"' (code 34)): was expecting comma to separate Object entries
 at [Source: (org.springframework.util.StreamUtils$NonClosingInputStream); line: 3, column: 6]
	at org.springframework.http.converter.json.AbstractJackson2HttpMessageConverter.readJavaType(AbstractJackson2HttpMessageConverter.java:391) ~[spring-web-5.3.19.jar:5.3.19]
	at org.springframework.http.converter.json.AbstractJackson2HttpMessageConverter.read(AbstractJackson2HttpMessageConverter.java:343) ~[spring-web-5.3.19.jar:5.3.19]
	at org.springframework.web.servlet.mvc.method.annotation.AbstractMessageConverterMethodArgumentResolver.readWithMessageConverters(AbstractMessageConverterMethodArgumentResolver.java:185) ~[spring-webmvc-5.3.19.jar:5.3.19]
	at org.springframework.web.servlet.mvc.method.annotation.RequestResponseBodyMethodProcessor.readWithMessageConverters(RequestResponseBodyMethodProcessor.java:160) ~[spring-webmvc-5.3.19.jar:5.3.19]
	at org.springframework.web.servlet.mvc.method.annotation.RequestResponseBodyMethodProcessor.resolveArgument(RequestResponseBodyMethodProcessor.java:133) ~[spring-webmvc-5.3.19.jar:5.3.19]
	at org.springframework.web.method.support.HandlerMethodArgumentResolverComposite.resolveArgument(HandlerMethodArgumentResolverComposite.java:122) ~[spring-web-5.3.19.jar:5.3.19]
	at org.springframework.web.method.support.InvocableHandlerMethod.getMethodArgumentValues(InvocableHandlerMethod.java:179) ~[spring-web-5.3.19.jar:5.3.19]
	at org.springframework.web.method.support.InvocableHandlerMethod.invokeForRequest(InvocableHandlerMethod.java:146) ~[spring-web-5.3.19.jar:5.3.19]
	at org.springframework.web.servlet.mvc.method.annotation.ServletInvocableHandlerMethod.invokeAndHandle(ServletInvocableHandlerMethod.java:117) ~[spring-webmvc-5.3.19.jar:5.3.19]
	at org.springframework.web.servlet.mvc.method.annotation.RequestMappingHandlerAdapter.invokeHandlerMethod(RequestMappingHandlerAdapter.java:895) ~[spring-webmvc-5.3.19.jar:5.3.19]
	at org.springframework.web.servlet.mvc.method.annotation.RequestMappingHandlerAdapter.handleInternal(RequestMappingHandlerAdapter.java:808) ~[spring-webmvc-5.3.19.jar:5.3.19]
	at org.springframework.web.servlet.mvc.method.AbstractHandlerMethodAdapter.handle(AbstractHandlerMethodAdapter.java:87) ~[spring-webmvc-5.3.19.jar:5.3.19]
	at org.springframework.web.servlet.DispatcherServlet.doDispatch(DispatcherServlet.java:1067) ~[spring-webmvc-5.3.19.jar:5.3.19]
	at org.springframework.web.servlet.DispatcherServlet.doService(DispatcherServlet.java:963) ~[spring-webmvc-5.3.19.jar:5.3.19]
	at org.springframework.web.servlet.FrameworkServlet.processRequest(FrameworkServlet.java:1006) ~[spring-webmvc-5.3.19.jar:5.3.19]
	at org.springframework.web.servlet.FrameworkServlet.doPost(FrameworkServlet.java:909) ~[spring-webmvc-5.3.19.jar:5.3.19]
	at javax.servlet.http.HttpServlet.service(HttpServlet.java:681) ~[tomcat-embed-core-9.0.62.jar:4.0.FR]
	at org.springframework.web.servlet.FrameworkServlet.service(FrameworkServlet.java:883) ~[spring-webmvc-5.3.19.jar:5.3.19]
	at javax.servlet.http.HttpServlet.service(HttpServlet.java:764) ~[tomcat-embed-core-9.0.62.jar:4.0.FR]
	at org.apache.catalina.core.ApplicationFilterChain.internalDoFilter(ApplicationFilterChain.java:227) ~[tomcat-embed-core-9.0.62.jar:9.0.62]
	at org.apache.catalina.core.ApplicationFilterChain.doFilter(ApplicationFilterChain.java:162) ~[tomcat-embed-core-9.0.62.jar:9.0.62]
	at org.apache.tomcat.websocket.server.WsFilter.doFilter(WsFilter.java:53) ~[tomcat-embed-websocket-9.0.62.jar:9.0.62]
	at org.apache.catalina.core.ApplicationFilterChain.internalDoFilter(ApplicationFilterChain.java:189) ~[tomcat-embed-core-9.0.62.jar:9.0.62]
	at org.apache.catalina.core.ApplicationFilterChain.doFilter(ApplicationFilterChain.java:162) ~[tomcat-embed-core-9.0.62.jar:9.0.62]
	at org.springframework.web.filter.RequestContextFilter.doFilterInternal(RequestContextFilter.java:100) ~[spring-web-5.3.19.jar:5.3.19]
	at org.springframework.web.filter.OncePerRequestFilter.doFilter(OncePerRequestFilter.java:117) ~[spring-web-5.3.19.jar:5.3.19]
	at org.apache.catalina.core.ApplicationFilterChain.internalDoFilter(ApplicationFilterChain.java:189) ~[tomcat-embed-core-9.0.62.jar:9.0.62]
	at org.apache.catalina.core.ApplicationFilterChain.doFilter(ApplicationFilterChain.java:162) ~[tomcat-embed-core-9.0.62.jar:9.0.62]
	at org.springframework.web.filter.FormContentFilter.doFilterInternal(FormContentFilter.java:93) ~[spring-web-5.3.19.jar:5.3.19]
	at org.springframework.web.filter.OncePerRequestFilter.doFilter(OncePerRequestFilter.java:117) ~[spring-web-5.3.19.jar:5.3.19]
	at org.apache.catalina.core.ApplicationFilterChain.internalDoFilter(ApplicationFilterChain.java:189) ~[tomcat-embed-core-9.0.62.jar:9.0.62]
	at org.apache.catalina.core.ApplicationFilterChain.doFilter(ApplicationFilterChain.java:162) ~[tomcat-embed-core-9.0.62.jar:9.0.62]
	at org.springframework.web.filter.CharacterEncodingFilter.doFilterInternal(CharacterEncodingFilter.java:201) ~[spring-web-5.3.19.jar:5.3.19]
	at org.springframework.web.filter.OncePerRequestFilter.doFilter(OncePerRequestFilter.java:117) ~[spring-web-5.3.19.jar:5.3.19]
	at org.apache.catalina.core.ApplicationFilterChain.internalDoFilter(ApplicationFilterChain.java:189) ~[tomcat-embed-core-9.0.62.jar:9.0.62]
	at org.apache.catalina.core.ApplicationFilterChain.doFilter(ApplicationFilterChain.java:162) ~[tomcat-embed-core-9.0.62.jar:9.0.62]
	at org.apache.catalina.core.StandardWrapperValve.invoke(StandardWrapperValve.java:197) ~[tomcat-embed-core-9.0.62.jar:9.0.62]
	at org.apache.catalina.core.StandardContextValve.invoke(StandardContextValve.java:97) ~[tomcat-embed-core-9.0.62.jar:9.0.62]
	at org.apache.catalina.authenticator.AuthenticatorBase.invoke(AuthenticatorBase.java:541) ~[tomcat-embed-core-9.0.62.jar:9.0.62]
	at org.apache.catalina.core.StandardHostValve.invoke(StandardHostValve.java:135) ~[tomcat-embed-core-9.0.62.jar:9.0.62]
	at org.apache.catalina.valves.ErrorReportValve.invoke(ErrorReportValve.java:92) ~[tomcat-embed-core-9.0.62.jar:9.0.62]
	at org.apache.catalina.core.StandardEngineValve.invoke(StandardEngineValve.java:78) ~[tomcat-embed-core-9.0.62.jar:9.0.62]
	at org.apache.catalina.connector.CoyoteAdapter.service(CoyoteAdapter.java:360) ~[tomcat-embed-core-9.0.62.jar:9.0.62]
	at org.apache.coyote.http11.Http11Processor.service(Http11Processor.java:399) ~[tomcat-embed-core-9.0.62.jar:9.0.62]
	at org.apache.coyote.AbstractProcessorLight.process(AbstractProcessorLight.java:65) ~[tomcat-embed-core-9.0.62.jar:9.0.62]
	at org.apache.coyote.AbstractProtocol$ConnectionHandler.process(AbstractProtocol.java:890) ~[tomcat-embed-core-9.0.62.jar:9.0.62]
	at org.apache.tomcat.util.net.NioEndpoint$SocketProcessor.doRun(NioEndpoint.java:1743) ~[tomcat-embed-core-9.0.62.jar:9.0.62]
	at org.apache.tomcat.util.net.SocketProcessorBase.run(SocketProcessorBase.java:49) ~[tomcat-embed-core-9.0.62.jar:9.0.62]
	at org.apache.tomcat.util.threads.ThreadPoolExecutor.runWorker(ThreadPoolExecutor.java:1191) ~[tomcat-embed-core-9.0.62.jar:9.0.62]
	at org.apache.tomcat.util.threads.ThreadPoolExecutor$Worker.run(ThreadPoolExecutor.java:659) ~[tomcat-embed-core-9.0.62.jar:9.0.62]
	at org.apache.tomcat.util.threads.TaskThread$WrappingRunnable.run(TaskThread.java:61) ~[tomcat-embed-core-9.0.62.jar:9.0.62]
	at java.base/java.lang.Thread.run(Thread.java:833) ~[na:na]
Caused by: com.fasterxml.jackson.core.JsonParseException: Unexpected character ('"' (code 34)): was expecting comma to separate Object entries
 at [Source: (org.springframework.util.StreamUtils$NonClosingInputStream); line: 3, column: 6]
	at com.fasterxml.jackson.core.JsonParser._constructError(JsonParser.java:2391) ~[jackson-core-2.13.2.jar:2.13.2]
	at com.fasterxml.jackson.core.base.ParserMinimalBase._reportError(ParserMinimalBase.java:735) ~[jackson-core-2.13.2.jar:2.13.2]
	at com.fasterxml.jackson.core.base.ParserMinimalBase._reportUnexpectedChar(ParserMinimalBase.java:659) ~[jackson-core-2.13.2.jar:2.13.2]
	at com.fasterxml.jackson.core.json.UTF8StreamJsonParser.nextFieldName(UTF8StreamJsonParser.java:1056) ~[jackson-core-2.13.2.jar:2.13.2]
	at com.fasterxml.jackson.databind.deser.BeanDeserializer.deserializeFromObject(BeanDeserializer.java:398) ~[jackson-databind-2.13.2.1.jar:2.13.2.1]
	at com.fasterxml.jackson.databind.deser.BeanDeserializer.deserialize(BeanDeserializer.java:184) ~[jackson-databind-2.13.2.1.jar:2.13.2.1]
	at com.fasterxml.jackson.databind.deser.DefaultDeserializationContext.readRootValue(DefaultDeserializationContext.java:322) ~[jackson-databind-2.13.2.1.jar:2.13.2.1]
	at com.fasterxml.jackson.databind.ObjectMapper._readMapAndClose(ObjectMapper.java:4674) ~[jackson-databind-2.13.2.1.jar:2.13.2.1]
	at com.fasterxml.jackson.databind.ObjectMapper.readValue(ObjectMapper.java:3682) ~[jackson-databind-2.13.2.1.jar:2.13.2.1]
	at org.springframework.http.converter.json.AbstractJackson2HttpMessageConverter.readJavaType(AbstractJackson2HttpMessageConverter.java:380) ~[spring-web-5.3.19.jar:5.3.19]
	... 51 common frames omitted

2022-07-13 12:18:37.684  WARN 11684 --- [http-nio-8080-exec-5] .m.m.a.ExceptionHandlerExceptionResolver : Resolved [org.springframework.http.converter.HttpMessageNotReadableException: JSON parse error: Unexpected character ('"' (code 34)): was expecting comma to separate Object entries; nested exception is com.fasterxml.jackson.core.JsonParseException: Unexpected character ('"' (code 34)): was expecting comma to separate Object entries<EOL> at [Source: (org.springframework.util.StreamUtils$NonClosingInputStream); line: 3, column: 6]]
2022-07-13 12:19:51.397 ERROR 11684 --- [http-nio-8080-exec-7] c.b.e.e.EmployeePayrollExceptionHandler  : invalid date format

org.springframework.http.converter.HttpMessageNotReadableException: JSON parse error: Unexpected character ('"' (code 34)): was expecting comma to separate Object entries; nested exception is com.fasterxml.jackson.core.JsonParseException: Unexpected character ('"' (code 34)): was expecting comma to separate Object entries
 at [Source: (org.springframework.util.StreamUtils$NonClosingInputStream); line: 3, column: 6]
	at org.springframework.http.converter.json.AbstractJackson2HttpMessageConverter.readJavaType(AbstractJackson2HttpMessageConverter.java:391) ~[spring-web-5.3.19.jar:5.3.19]
	at org.springframework.http.converter.json.AbstractJackson2HttpMessageConverter.read(AbstractJackson2HttpMessageConverter.java:343) ~[spring-web-5.3.19.jar:5.3.19]
	at org.springframework.web.servlet.mvc.method.annotation.AbstractMessageConverterMethodArgumentResolver.readWithMessageConverters(AbstractMessageConverterMethodArgumentResolver.java:185) ~[spring-webmvc-5.3.19.jar:5.3.19]
	at org.springframework.web.servlet.mvc.method.annotation.RequestResponseBodyMethodProcessor.readWithMessageConverters(RequestResponseBodyMethodProcessor.java:160) ~[spring-webmvc-5.3.19.jar:5.3.19]
	at org.springframework.web.servlet.mvc.method.annotation.RequestResponseBodyMethodProcessor.resolveArgument(RequestResponseBodyMethodProcessor.java:133) ~[spring-webmvc-5.3.19.jar:5.3.19]
	at org.springframework.web.method.support.HandlerMethodArgumentResolverComposite.resolveArgument(HandlerMethodArgumentResolverComposite.java:122) ~[spring-web-5.3.19.jar:5.3.19]
	at org.springframework.web.method.support.InvocableHandlerMethod.getMethodArgumentValues(InvocableHandlerMethod.java:179) ~[spring-web-5.3.19.jar:5.3.19]
	at org.springframework.web.method.support.InvocableHandlerMethod.invokeForRequest(InvocableHandlerMethod.java:146) ~[spring-web-5.3.19.jar:5.3.19]
	at org.springframework.web.servlet.mvc.method.annotation.ServletInvocableHandlerMethod.invokeAndHandle(ServletInvocableHandlerMethod.java:117) ~[spring-webmvc-5.3.19.jar:5.3.19]
	at org.springframework.web.servlet.mvc.method.annotation.RequestMappingHandlerAdapter.invokeHandlerMethod(RequestMappingHandlerAdapter.java:895) ~[spring-webmvc-5.3.19.jar:5.3.19]
	at org.springframework.web.servlet.mvc.method.annotation.RequestMappingHandlerAdapter.handleInternal(RequestMappingHandlerAdapter.java:808) ~[spring-webmvc-5.3.19.jar:5.3.19]
	at org.springframework.web.servlet.mvc.method.AbstractHandlerMethodAdapter.handle(AbstractHandlerMethodAdapter.java:87) ~[spring-webmvc-5.3.19.jar:5.3.19]
	at org.springframework.web.servlet.DispatcherServlet.doDispatch(DispatcherServlet.java:1067) ~[spring-webmvc-5.3.19.jar:5.3.19]
	at org.springframework.web.servlet.DispatcherServlet.doService(DispatcherServlet.java:963) ~[spring-webmvc-5.3.19.jar:5.3.19]
	at org.springframework.web.servlet.FrameworkServlet.processRequest(FrameworkServlet.java:1006) ~[spring-webmvc-5.3.19.jar:5.3.19]
	at org.springframework.web.servlet.FrameworkServlet.doPost(FrameworkServlet.java:909) ~[spring-webmvc-5.3.19.jar:5.3.19]
	at javax.servlet.http.HttpServlet.service(HttpServlet.java:681) ~[tomcat-embed-core-9.0.62.jar:4.0.FR]
	at org.springframework.web.servlet.FrameworkServlet.service(FrameworkServlet.java:883) ~[spring-webmvc-5.3.19.jar:5.3.19]
	at javax.servlet.http.HttpServlet.service(HttpServlet.java:764) ~[tomcat-embed-core-9.0.62.jar:4.0.FR]
	at org.apache.catalina.core.ApplicationFilterChain.internalDoFilter(ApplicationFilterChain.java:227) ~[tomcat-embed-core-9.0.62.jar:9.0.62]
	at org.apache.catalina.core.ApplicationFilterChain.doFilter(ApplicationFilterChain.java:162) ~[tomcat-embed-core-9.0.62.jar:9.0.62]
	at org.apache.tomcat.websocket.server.WsFilter.doFilter(WsFilter.java:53) ~[tomcat-embed-websocket-9.0.62.jar:9.0.62]
	at org.apache.catalina.core.ApplicationFilterChain.internalDoFilter(ApplicationFilterChain.java:189) ~[tomcat-embed-core-9.0.62.jar:9.0.62]
	at org.apache.catalina.core.ApplicationFilterChain.doFilter(ApplicationFilterChain.java:162) ~[tomcat-embed-core-9.0.62.jar:9.0.62]
	at org.springframework.web.filter.RequestContextFilter.doFilterInternal(RequestContextFilter.java:100) ~[spring-web-5.3.19.jar:5.3.19]
	at org.springframework.web.filter.OncePerRequestFilter.doFilter(OncePerRequestFilter.java:117) ~[spring-web-5.3.19.jar:5.3.19]
	at org.apache.catalina.core.ApplicationFilterChain.internalDoFilter(ApplicationFilterChain.java:189) ~[tomcat-embed-core-9.0.62.jar:9.0.62]
	at org.apache.catalina.core.ApplicationFilterChain.doFilter(ApplicationFilterChain.java:162) ~[tomcat-embed-core-9.0.62.jar:9.0.62]
	at org.springframework.web.filter.FormContentFilter.doFilterInternal(FormContentFilter.java:93) ~[spring-web-5.3.19.jar:5.3.19]
	at org.springframework.web.filter.OncePerRequestFilter.doFilter(OncePerRequestFilter.java:117) ~[spring-web-5.3.19.jar:5.3.19]
	at org.apache.catalina.core.ApplicationFilterChain.internalDoFilter(ApplicationFilterChain.java:189) ~[tomcat-embed-core-9.0.62.jar:9.0.62]
	at org.apache.catalina.core.ApplicationFilterChain.doFilter(ApplicationFilterChain.java:162) ~[tomcat-embed-core-9.0.62.jar:9.0.62]
	at org.springframework.web.filter.CharacterEncodingFilter.doFilterInternal(CharacterEncodingFilter.java:201) ~[spring-web-5.3.19.jar:5.3.19]
	at org.springframework.web.filter.OncePerRequestFilter.doFilter(OncePerRequestFilter.java:117) ~[spring-web-5.3.19.jar:5.3.19]
	at org.apache.catalina.core.ApplicationFilterChain.internalDoFilter(ApplicationFilterChain.java:189) ~[tomcat-embed-core-9.0.62.jar:9.0.62]
	at org.apache.catalina.core.ApplicationFilterChain.doFilter(ApplicationFilterChain.java:162) ~[tomcat-embed-core-9.0.62.jar:9.0.62]
	at org.apache.catalina.core.StandardWrapperValve.invoke(StandardWrapperValve.java:197) ~[tomcat-embed-core-9.0.62.jar:9.0.62]
	at org.apache.catalina.core.StandardContextValve.invoke(StandardContextValve.java:97) ~[tomcat-embed-core-9.0.62.jar:9.0.62]
	at org.apache.catalina.authenticator.AuthenticatorBase.invoke(AuthenticatorBase.java:541) ~[tomcat-embed-core-9.0.62.jar:9.0.62]
	at org.apache.catalina.core.StandardHostValve.invoke(StandardHostValve.java:135) ~[tomcat-embed-core-9.0.62.jar:9.0.62]
	at org.apache.catalina.valves.ErrorReportValve.invoke(ErrorReportValve.java:92) ~[tomcat-embed-core-9.0.62.jar:9.0.62]
	at org.apache.catalina.core.StandardEngineValve.invoke(StandardEngineValve.java:78) ~[tomcat-embed-core-9.0.62.jar:9.0.62]
	at org.apache.catalina.connector.CoyoteAdapter.service(CoyoteAdapter.java:360) ~[tomcat-embed-core-9.0.62.jar:9.0.62]
	at org.apache.coyote.http11.Http11Processor.service(Http11Processor.java:399) ~[tomcat-embed-core-9.0.62.jar:9.0.62]
	at org.apache.coyote.AbstractProcessorLight.process(AbstractProcessorLight.java:65) ~[tomcat-embed-core-9.0.62.jar:9.0.62]
	at org.apache.coyote.AbstractProtocol$ConnectionHandler.process(AbstractProtocol.java:890) ~[tomcat-embed-core-9.0.62.jar:9.0.62]
	at org.apache.tomcat.util.net.NioEndpoint$SocketProcessor.doRun(NioEndpoint.java:1743) ~[tomcat-embed-core-9.0.62.jar:9.0.62]
	at org.apache.tomcat.util.net.SocketProcessorBase.run(SocketProcessorBase.java:49) ~[tomcat-embed-core-9.0.62.jar:9.0.62]
	at org.apache.tomcat.util.threads.ThreadPoolExecutor.runWorker(ThreadPoolExecutor.java:1191) ~[tomcat-embed-core-9.0.62.jar:9.0.62]
	at org.apache.tomcat.util.threads.ThreadPoolExecutor$Worker.run(ThreadPoolExecutor.java:659) ~[tomcat-embed-core-9.0.62.jar:9.0.62]
	at org.apache.tomcat.util.threads.TaskThread$WrappingRunnable.run(TaskThread.java:61) ~[tomcat-embed-core-9.0.62.jar:9.0.62]
	at java.base/java.lang.Thread.run(Thread.java:833) ~[na:na]
Caused by: com.fasterxml.jackson.core.JsonParseException: Unexpected character ('"' (code 34)): was expecting comma to separate Object entries
 at [Source: (org.springframework.util.StreamUtils$NonClosingInputStream); line: 3, column: 6]
	at com.fasterxml.jackson.core.JsonParser._constructError(JsonParser.java:2391) ~[jackson-core-2.13.2.jar:2.13.2]
	at com.fasterxml.jackson.core.base.ParserMinimalBase._reportError(ParserMinimalBase.java:735) ~[jackson-core-2.13.2.jar:2.13.2]
	at com.fasterxml.jackson.core.base.ParserMinimalBase._reportUnexpectedChar(ParserMinimalBase.java:659) ~[jackson-core-2.13.2.jar:2.13.2]
	at com.fasterxml.jackson.core.json.UTF8StreamJsonParser.nextFieldName(UTF8StreamJsonParser.java:1056) ~[jackson-core-2.13.2.jar:2.13.2]
	at com.fasterxml.jackson.databind.deser.BeanDeserializer.deserializeFromObject(BeanDeserializer.java:398) ~[jackson-databind-2.13.2.1.jar:2.13.2.1]
	at com.fasterxml.jackson.databind.deser.BeanDeserializer.deserialize(BeanDeserializer.java:184) ~[jackson-databind-2.13.2.1.jar:2.13.2.1]
	at com.fasterxml.jackson.databind.deser.DefaultDeserializationContext.readRootValue(DefaultDeserializationContext.java:322) ~[jackson-databind-2.13.2.1.jar:2.13.2.1]
	at com.fasterxml.jackson.databind.ObjectMapper._readMapAndClose(ObjectMapper.java:4674) ~[jackson-databind-2.13.2.1.jar:2.13.2.1]
	at com.fasterxml.jackson.databind.ObjectMapper.readValue(ObjectMapper.java:3682) ~[jackson-databind-2.13.2.1.jar:2.13.2.1]
	at org.springframework.http.converter.json.AbstractJackson2HttpMessageConverter.readJavaType(AbstractJackson2HttpMessageConverter.java:380) ~[spring-web-5.3.19.jar:5.3.19]
	... 51 common frames omitted

2022-07-13 12:19:51.403  WARN 11684 --- [http-nio-8080-exec-7] .m.m.a.ExceptionHandlerExceptionResolver : Resolved [org.springframework.http.converter.HttpMessageNotReadableException: JSON parse error: Unexpected character ('"' (code 34)): was expecting comma to separate Object entries; nested exception is com.fasterxml.jackson.core.JsonParseException: Unexpected character ('"' (code 34)): was expecting comma to separate Object entries<EOL> at [Source: (org.springframework.util.StreamUtils$NonClosingInputStream); line: 3, column: 6]]
2022-07-13 12:41:19.089  WARN 11684 --- [HikariPool-1 housekeeper] com.zaxxer.hikari.pool.HikariPool        : HikariPool-1 - Thread starvation or clock leap detected (housekeeper delta=2m48s722ms117µs600ns).
2022-07-13 12:52:29.182 ERROR 11684 --- [http-nio-8080-exec-8] c.b.e.e.EmployeePayrollExceptionHandler  : invalid date format

org.springframework.http.converter.HttpMessageNotReadableException: JSON parse error: Unexpected character ('"' (code 34)): was expecting comma to separate Object entries; nested exception is com.fasterxml.jackson.core.JsonParseException: Unexpected character ('"' (code 34)): was expecting comma to separate Object entries
 at [Source: (org.springframework.util.StreamUtils$NonClosingInputStream); line: 3, column: 6]
	at org.springframework.http.converter.json.AbstractJackson2HttpMessageConverter.readJavaType(AbstractJackson2HttpMessageConverter.java:391) ~[spring-web-5.3.19.jar:5.3.19]
	at org.springframework.http.converter.json.AbstractJackson2HttpMessageConverter.read(AbstractJackson2HttpMessageConverter.java:343) ~[spring-web-5.3.19.jar:5.3.19]
	at org.springframework.web.servlet.mvc.method.annotation.AbstractMessageConverterMethodArgumentResolver.readWithMessageConverters(AbstractMessageConverterMethodArgumentResolver.java:185) ~[spring-webmvc-5.3.19.jar:5.3.19]
	at org.springframework.web.servlet.mvc.method.annotation.RequestResponseBodyMethodProcessor.readWithMessageConverters(RequestResponseBodyMethodProcessor.java:160) ~[spring-webmvc-5.3.19.jar:5.3.19]
	at org.springframework.web.servlet.mvc.method.annotation.RequestResponseBodyMethodProcessor.resolveArgument(RequestResponseBodyMethodProcessor.java:133) ~[spring-webmvc-5.3.19.jar:5.3.19]
	at org.springframework.web.method.support.HandlerMethodArgumentResolverComposite.resolveArgument(HandlerMethodArgumentResolverComposite.java:122) ~[spring-web-5.3.19.jar:5.3.19]
	at org.springframework.web.method.support.InvocableHandlerMethod.getMethodArgumentValues(InvocableHandlerMethod.java:179) ~[spring-web-5.3.19.jar:5.3.19]
	at org.springframework.web.method.support.InvocableHandlerMethod.invokeForRequest(InvocableHandlerMethod.java:146) ~[spring-web-5.3.19.jar:5.3.19]
	at org.springframework.web.servlet.mvc.method.annotation.ServletInvocableHandlerMethod.invokeAndHandle(ServletInvocableHandlerMethod.java:117) ~[spring-webmvc-5.3.19.jar:5.3.19]
	at org.springframework.web.servlet.mvc.method.annotation.RequestMappingHandlerAdapter.invokeHandlerMethod(RequestMappingHandlerAdapter.java:895) ~[spring-webmvc-5.3.19.jar:5.3.19]
	at org.springframework.web.servlet.mvc.method.annotation.RequestMappingHandlerAdapter.handleInternal(RequestMappingHandlerAdapter.java:808) ~[spring-webmvc-5.3.19.jar:5.3.19]
	at org.springframework.web.servlet.mvc.method.AbstractHandlerMethodAdapter.handle(AbstractHandlerMethodAdapter.java:87) ~[spring-webmvc-5.3.19.jar:5.3.19]
	at org.springframework.web.servlet.DispatcherServlet.doDispatch(DispatcherServlet.java:1067) ~[spring-webmvc-5.3.19.jar:5.3.19]
	at org.springframework.web.servlet.DispatcherServlet.doService(DispatcherServlet.java:963) ~[spring-webmvc-5.3.19.jar:5.3.19]
	at org.springframework.web.servlet.FrameworkServlet.processRequest(FrameworkServlet.java:1006) ~[spring-webmvc-5.3.19.jar:5.3.19]
	at org.springframework.web.servlet.FrameworkServlet.doPost(FrameworkServlet.java:909) ~[spring-webmvc-5.3.19.jar:5.3.19]
	at javax.servlet.http.HttpServlet.service(HttpServlet.java:681) ~[tomcat-embed-core-9.0.62.jar:4.0.FR]
	at org.springframework.web.servlet.FrameworkServlet.service(FrameworkServlet.java:883) ~[spring-webmvc-5.3.19.jar:5.3.19]
	at javax.servlet.http.HttpServlet.service(HttpServlet.java:764) ~[tomcat-embed-core-9.0.62.jar:4.0.FR]
	at org.apache.catalina.core.ApplicationFilterChain.internalDoFilter(ApplicationFilterChain.java:227) ~[tomcat-embed-core-9.0.62.jar:9.0.62]
	at org.apache.catalina.core.ApplicationFilterChain.doFilter(ApplicationFilterChain.java:162) ~[tomcat-embed-core-9.0.62.jar:9.0.62]
	at org.apache.tomcat.websocket.server.WsFilter.doFilter(WsFilter.java:53) ~[tomcat-embed-websocket-9.0.62.jar:9.0.62]
	at org.apache.catalina.core.ApplicationFilterChain.internalDoFilter(ApplicationFilterChain.java:189) ~[tomcat-embed-core-9.0.62.jar:9.0.62]
	at org.apache.catalina.core.ApplicationFilterChain.doFilter(ApplicationFilterChain.java:162) ~[tomcat-embed-core-9.0.62.jar:9.0.62]
	at org.springframework.web.filter.RequestContextFilter.doFilterInternal(RequestContextFilter.java:100) ~[spring-web-5.3.19.jar:5.3.19]
	at org.springframework.web.filter.OncePerRequestFilter.doFilter(OncePerRequestFilter.java:117) ~[spring-web-5.3.19.jar:5.3.19]
	at org.apache.catalina.core.ApplicationFilterChain.internalDoFilter(ApplicationFilterChain.java:189) ~[tomcat-embed-core-9.0.62.jar:9.0.62]
	at org.apache.catalina.core.ApplicationFilterChain.doFilter(ApplicationFilterChain.java:162) ~[tomcat-embed-core-9.0.62.jar:9.0.62]
	at org.springframework.web.filter.FormContentFilter.doFilterInternal(FormContentFilter.java:93) ~[spring-web-5.3.19.jar:5.3.19]
	at org.springframework.web.filter.OncePerRequestFilter.doFilter(OncePerRequestFilter.java:117) ~[spring-web-5.3.19.jar:5.3.19]
	at org.apache.catalina.core.ApplicationFilterChain.internalDoFilter(ApplicationFilterChain.java:189) ~[tomcat-embed-core-9.0.62.jar:9.0.62]
	at org.apache.catalina.core.ApplicationFilterChain.doFilter(ApplicationFilterChain.java:162) ~[tomcat-embed-core-9.0.62.jar:9.0.62]
	at org.springframework.web.filter.CharacterEncodingFilter.doFilterInternal(CharacterEncodingFilter.java:201) ~[spring-web-5.3.19.jar:5.3.19]
	at org.springframework.web.filter.OncePerRequestFilter.doFilter(OncePerRequestFilter.java:117) ~[spring-web-5.3.19.jar:5.3.19]
	at org.apache.catalina.core.ApplicationFilterChain.internalDoFilter(ApplicationFilterChain.java:189) ~[tomcat-embed-core-9.0.62.jar:9.0.62]
	at org.apache.catalina.core.ApplicationFilterChain.doFilter(ApplicationFilterChain.java:162) ~[tomcat-embed-core-9.0.62.jar:9.0.62]
	at org.apache.catalina.core.StandardWrapperValve.invoke(StandardWrapperValve.java:197) ~[tomcat-embed-core-9.0.62.jar:9.0.62]
	at org.apache.catalina.core.StandardContextValve.invoke(StandardContextValve.java:97) ~[tomcat-embed-core-9.0.62.jar:9.0.62]
	at org.apache.catalina.authenticator.AuthenticatorBase.invoke(AuthenticatorBase.java:541) ~[tomcat-embed-core-9.0.62.jar:9.0.62]
	at org.apache.catalina.core.StandardHostValve.invoke(StandardHostValve.java:135) ~[tomcat-embed-core-9.0.62.jar:9.0.62]
	at org.apache.catalina.valves.ErrorReportValve.invoke(ErrorReportValve.java:92) ~[tomcat-embed-core-9.0.62.jar:9.0.62]
	at org.apache.catalina.core.StandardEngineValve.invoke(StandardEngineValve.java:78) ~[tomcat-embed-core-9.0.62.jar:9.0.62]
	at org.apache.catalina.connector.CoyoteAdapter.service(CoyoteAdapter.java:360) ~[tomcat-embed-core-9.0.62.jar:9.0.62]
	at org.apache.coyote.http11.Http11Processor.service(Http11Processor.java:399) ~[tomcat-embed-core-9.0.62.jar:9.0.62]
	at org.apache.coyote.AbstractProcessorLight.process(AbstractProcessorLight.java:65) ~[tomcat-embed-core-9.0.62.jar:9.0.62]
	at org.apache.coyote.AbstractProtocol$ConnectionHandler.process(AbstractProtocol.java:890) ~[tomcat-embed-core-9.0.62.jar:9.0.62]
	at org.apache.tomcat.util.net.NioEndpoint$SocketProcessor.doRun(NioEndpoint.java:1743) ~[tomcat-embed-core-9.0.62.jar:9.0.62]
	at org.apache.tomcat.util.net.SocketProcessorBase.run(SocketProcessorBase.java:49) ~[tomcat-embed-core-9.0.62.jar:9.0.62]
	at org.apache.tomcat.util.threads.ThreadPoolExecutor.runWorker(ThreadPoolExecutor.java:1191) ~[tomcat-embed-core-9.0.62.jar:9.0.62]
	at org.apache.tomcat.util.threads.ThreadPoolExecutor$Worker.run(ThreadPoolExecutor.java:659) ~[tomcat-embed-core-9.0.62.jar:9.0.62]
	at org.apache.tomcat.util.threads.TaskThread$WrappingRunnable.run(TaskThread.java:61) ~[tomcat-embed-core-9.0.62.jar:9.0.62]
	at java.base/java.lang.Thread.run(Thread.java:833) ~[na:na]
Caused by: com.fasterxml.jackson.core.JsonParseException: Unexpected character ('"' (code 34)): was expecting comma to separate Object entries
 at [Source: (org.springframework.util.StreamUtils$NonClosingInputStream); line: 3, column: 6]
	at com.fasterxml.jackson.core.JsonParser._constructError(JsonParser.java:2391) ~[jackson-core-2.13.2.jar:2.13.2]
	at com.fasterxml.jackson.core.base.ParserMinimalBase._reportError(ParserMinimalBase.java:735) ~[jackson-core-2.13.2.jar:2.13.2]
	at com.fasterxml.jackson.core.base.ParserMinimalBase._reportUnexpectedChar(ParserMinimalBase.java:659) ~[jackson-core-2.13.2.jar:2.13.2]
	at com.fasterxml.jackson.core.json.UTF8StreamJsonParser.nextFieldName(UTF8StreamJsonParser.java:1056) ~[jackson-core-2.13.2.jar:2.13.2]
	at com.fasterxml.jackson.databind.deser.BeanDeserializer.deserializeFromObject(BeanDeserializer.java:398) ~[jackson-databind-2.13.2.1.jar:2.13.2.1]
	at com.fasterxml.jackson.databind.deser.BeanDeserializer.deserialize(BeanDeserializer.java:184) ~[jackson-databind-2.13.2.1.jar:2.13.2.1]
	at com.fasterxml.jackson.databind.deser.DefaultDeserializationContext.readRootValue(DefaultDeserializationContext.java:322) ~[jackson-databind-2.13.2.1.jar:2.13.2.1]
	at com.fasterxml.jackson.databind.ObjectMapper._readMapAndClose(ObjectMapper.java:4674) ~[jackson-databind-2.13.2.1.jar:2.13.2.1]
	at com.fasterxml.jackson.databind.ObjectMapper.readValue(ObjectMapper.java:3682) ~[jackson-databind-2.13.2.1.jar:2.13.2.1]
	at org.springframework.http.converter.json.AbstractJackson2HttpMessageConverter.readJavaType(AbstractJackson2HttpMessageConverter.java:380) ~[spring-web-5.3.19.jar:5.3.19]
	... 51 common frames omitted

2022-07-13 12:52:29.191  WARN 11684 --- [http-nio-8080-exec-8] .m.m.a.ExceptionHandlerExceptionResolver : Resolved [org.springframework.http.converter.HttpMessageNotReadableException: JSON parse error: Unexpected character ('"' (code 34)): was expecting comma to separate Object entries; nested exception is com.fasterxml.jackson.core.JsonParseException: Unexpected character ('"' (code 34)): was expecting comma to separate Object entries<EOL> at [Source: (org.springframework.util.StreamUtils$NonClosingInputStream); line: 3, column: 6]]
2022-07-13 12:52:40.111  INFO 11684 --- [SpringApplicationShutdownHook] j.LocalContainerEntityManagerFactoryBean : Closing JPA EntityManagerFactory for persistence unit 'default'
2022-07-13 12:52:40.146  INFO 11684 --- [SpringApplicationShutdownHook] com.zaxxer.hikari.HikariDataSource       : HikariPool-1 - Shutdown initiated...
2022-07-13 12:52:40.246  INFO 11684 --- [SpringApplicationShutdownHook] com.zaxxer.hikari.HikariDataSource       : HikariPool-1 - Shutdown completed.
2022-07-13 12:52:49.444  INFO 14612 --- [restartedMain] c.b.e.EmployeePayrollApplication         : Starting EmployeePayrollApplication using Java 17.0.1 on DESKTOP-LPHCEAQ with PID 14612 (C:\Users\ADMIN\IdeaProjects\EmployeePayrollApplication\target\classes started by ADMIN in C:\Users\ADMIN\IdeaProjects\EmployeePayrollApplication)
2022-07-13 12:52:49.446 DEBUG 14612 --- [restartedMain] c.b.e.EmployeePayrollApplication         : Running with Spring Boot v2.6.7, Spring v5.3.19
2022-07-13 12:52:49.447  INFO 14612 --- [restartedMain] c.b.e.EmployeePayrollApplication         : The following 1 profile is active: "dev"
2022-07-13 12:52:49.511  INFO 14612 --- [restartedMain] .e.DevToolsPropertyDefaultsPostProcessor : Devtools property defaults active! Set 'spring.devtools.add-properties' to 'false' to disable
2022-07-13 12:52:49.511  INFO 14612 --- [restartedMain] .e.DevToolsPropertyDefaultsPostProcessor : For additional web related logging consider setting the 'logging.level.web' property to 'DEBUG'
2022-07-13 12:52:50.510  INFO 14612 --- [restartedMain] .s.d.r.c.RepositoryConfigurationDelegate : Bootstrapping Spring Data JPA repositories in DEFAULT mode.
2022-07-13 12:52:50.607  INFO 14612 --- [restartedMain] .s.d.r.c.RepositoryConfigurationDelegate : Finished Spring Data repository scanning in 81 ms. Found 1 JPA repository interfaces.
2022-07-13 12:52:51.412  INFO 14612 --- [restartedMain] o.s.b.w.embedded.tomcat.TomcatWebServer  : Tomcat initialized with port(s): 8080 (http)
2022-07-13 12:52:51.414  INFO 14612 --- [restartedMain] o.a.catalina.core.AprLifecycleListener   : Loaded Apache Tomcat Native library [1.2.33] using APR version [1.7.0].
2022-07-13 12:52:51.414  INFO 14612 --- [restartedMain] o.a.catalina.core.AprLifecycleListener   : APR capabilities: IPv6 [true], sendfile [true], accept filters [false], random [true], UDS [true].
2022-07-13 12:52:51.414  INFO 14612 --- [restartedMain] o.a.catalina.core.AprLifecycleListener   : APR/OpenSSL configuration: useAprConnector [false], useOpenSSL [true]
2022-07-13 12:52:51.435  INFO 14612 --- [restartedMain] o.a.catalina.core.AprLifecycleListener   : OpenSSL successfully initialized [OpenSSL 1.1.1o  3 May 2022]
2022-07-13 12:52:51.451  INFO 14612 --- [restartedMain] o.apache.catalina.core.StandardService   : Starting service [Tomcat]
2022-07-13 12:52:51.452  INFO 14612 --- [restartedMain] org.apache.catalina.core.StandardEngine  : Starting Servlet engine: [Apache Tomcat/9.0.62]
2022-07-13 12:52:51.600  INFO 14612 --- [restartedMain] o.a.c.c.C.[Tomcat].[localhost].[/]       : Initializing Spring embedded WebApplicationContext
2022-07-13 12:52:51.600  INFO 14612 --- [restartedMain] w.s.c.ServletWebServerApplicationContext : Root WebApplicationContext: initialization completed in 2088 ms
2022-07-13 12:52:52.157  INFO 14612 --- [restartedMain] com.zaxxer.hikari.HikariDataSource       : HikariPool-1 - Starting...
2022-07-13 12:52:52.761  INFO 14612 --- [restartedMain] com.zaxxer.hikari.HikariDataSource       : HikariPool-1 - Start completed.
2022-07-13 12:52:53.913  INFO 14612 --- [restartedMain] j.LocalContainerEntityManagerFactoryBean : Initialized JPA EntityManagerFactory for persistence unit 'default'
2022-07-13 12:52:54.190  WARN 14612 --- [restartedMain] JpaBaseConfiguration$JpaWebConfiguration : spring.jpa.open-in-view is enabled by default. Therefore, database queries may be performed during view rendering. Explicitly configure spring.jpa.open-in-view to disable this warning
2022-07-13 12:52:54.468  INFO 14612 --- [restartedMain] o.s.b.d.a.OptionalLiveReloadServer       : LiveReload server is running on port 35729
2022-07-13 12:52:54.511  INFO 14612 --- [restartedMain] o.s.b.w.embedded.tomcat.TomcatWebServer  : Tomcat started on port(s): 8080 (http) with context path ''
2022-07-13 12:52:54.528  INFO 14612 --- [restartedMain] c.b.e.EmployeePayrollApplication         : Started EmployeePayrollApplication in 5.743 seconds (JVM running for 7.115)
2022-07-13 12:52:54.534  INFO 14612 --- [restartedMain] c.b.e.EmployeePayrollApplication         : Employee Payroll App Started in { } Environment
2022-07-13 12:53:24.006  INFO 14612 --- [http-nio-8080-exec-1] o.a.c.c.C.[Tomcat].[localhost].[/]       : Initializing Spring DispatcherServlet 'dispatcherServlet'
2022-07-13 12:53:24.134 ERROR 14612 --- [http-nio-8080-exec-1] c.b.e.e.EmployeePayrollExceptionHandler  : invalid date format

org.springframework.http.converter.HttpMessageNotReadableException: JSON parse error: Unexpected character ('"' (code 34)): was expecting comma to separate Object entries; nested exception is com.fasterxml.jackson.core.JsonParseException: Unexpected character ('"' (code 34)): was expecting comma to separate Object entries
 at [Source: (org.springframework.util.StreamUtils$NonClosingInputStream); line: 3, column: 6]
	at org.springframework.http.converter.json.AbstractJackson2HttpMessageConverter.readJavaType(AbstractJackson2HttpMessageConverter.java:391) ~[spring-web-5.3.19.jar:5.3.19]
	at org.springframework.http.converter.json.AbstractJackson2HttpMessageConverter.read(AbstractJackson2HttpMessageConverter.java:343) ~[spring-web-5.3.19.jar:5.3.19]
	at org.springframework.web.servlet.mvc.method.annotation.AbstractMessageConverterMethodArgumentResolver.readWithMessageConverters(AbstractMessageConverterMethodArgumentResolver.java:185) ~[spring-webmvc-5.3.19.jar:5.3.19]
	at org.springframework.web.servlet.mvc.method.annotation.RequestResponseBodyMethodProcessor.readWithMessageConverters(RequestResponseBodyMethodProcessor.java:160) ~[spring-webmvc-5.3.19.jar:5.3.19]
	at org.springframework.web.servlet.mvc.method.annotation.RequestResponseBodyMethodProcessor.resolveArgument(RequestResponseBodyMethodProcessor.java:133) ~[spring-webmvc-5.3.19.jar:5.3.19]
	at org.springframework.web.method.support.HandlerMethodArgumentResolverComposite.resolveArgument(HandlerMethodArgumentResolverComposite.java:122) ~[spring-web-5.3.19.jar:5.3.19]
	at org.springframework.web.method.support.InvocableHandlerMethod.getMethodArgumentValues(InvocableHandlerMethod.java:179) ~[spring-web-5.3.19.jar:5.3.19]
	at org.springframework.web.method.support.InvocableHandlerMethod.invokeForRequest(InvocableHandlerMethod.java:146) ~[spring-web-5.3.19.jar:5.3.19]
	at org.springframework.web.servlet.mvc.method.annotation.ServletInvocableHandlerMethod.invokeAndHandle(ServletInvocableHandlerMethod.java:117) ~[spring-webmvc-5.3.19.jar:5.3.19]
	at org.springframework.web.servlet.mvc.method.annotation.RequestMappingHandlerAdapter.invokeHandlerMethod(RequestMappingHandlerAdapter.java:895) ~[spring-webmvc-5.3.19.jar:5.3.19]
	at org.springframework.web.servlet.mvc.method.annotation.RequestMappingHandlerAdapter.handleInternal(RequestMappingHandlerAdapter.java:808) ~[spring-webmvc-5.3.19.jar:5.3.19]
	at org.springframework.web.servlet.mvc.method.AbstractHandlerMethodAdapter.handle(AbstractHandlerMethodAdapter.java:87) ~[spring-webmvc-5.3.19.jar:5.3.19]
	at org.springframework.web.servlet.DispatcherServlet.doDispatch(DispatcherServlet.java:1067) ~[spring-webmvc-5.3.19.jar:5.3.19]
	at org.springframework.web.servlet.DispatcherServlet.doService(DispatcherServlet.java:963) ~[spring-webmvc-5.3.19.jar:5.3.19]
	at org.springframework.web.servlet.FrameworkServlet.processRequest(FrameworkServlet.java:1006) ~[spring-webmvc-5.3.19.jar:5.3.19]
	at org.springframework.web.servlet.FrameworkServlet.doPost(FrameworkServlet.java:909) ~[spring-webmvc-5.3.19.jar:5.3.19]
	at javax.servlet.http.HttpServlet.service(HttpServlet.java:681) ~[tomcat-embed-core-9.0.62.jar:4.0.FR]
	at org.springframework.web.servlet.FrameworkServlet.service(FrameworkServlet.java:883) ~[spring-webmvc-5.3.19.jar:5.3.19]
	at javax.servlet.http.HttpServlet.service(HttpServlet.java:764) ~[tomcat-embed-core-9.0.62.jar:4.0.FR]
	at org.apache.catalina.core.ApplicationFilterChain.internalDoFilter(ApplicationFilterChain.java:227) ~[tomcat-embed-core-9.0.62.jar:9.0.62]
	at org.apache.catalina.core.ApplicationFilterChain.doFilter(ApplicationFilterChain.java:162) ~[tomcat-embed-core-9.0.62.jar:9.0.62]
	at org.apache.tomcat.websocket.server.WsFilter.doFilter(WsFilter.java:53) ~[tomcat-embed-websocket-9.0.62.jar:9.0.62]
	at org.apache.catalina.core.ApplicationFilterChain.internalDoFilter(ApplicationFilterChain.java:189) ~[tomcat-embed-core-9.0.62.jar:9.0.62]
	at org.apache.catalina.core.ApplicationFilterChain.doFilter(ApplicationFilterChain.java:162) ~[tomcat-embed-core-9.0.62.jar:9.0.62]
	at org.springframework.web.filter.RequestContextFilter.doFilterInternal(RequestContextFilter.java:100) ~[spring-web-5.3.19.jar:5.3.19]
	at org.springframework.web.filter.OncePerRequestFilter.doFilter(OncePerRequestFilter.java:117) ~[spring-web-5.3.19.jar:5.3.19]
	at org.apache.catalina.core.ApplicationFilterChain.internalDoFilter(ApplicationFilterChain.java:189) ~[tomcat-embed-core-9.0.62.jar:9.0.62]
	at org.apache.catalina.core.ApplicationFilterChain.doFilter(ApplicationFilterChain.java:162) ~[tomcat-embed-core-9.0.62.jar:9.0.62]
	at org.springframework.web.filter.FormContentFilter.doFilterInternal(FormContentFilter.java:93) ~[spring-web-5.3.19.jar:5.3.19]
	at org.springframework.web.filter.OncePerRequestFilter.doFilter(OncePerRequestFilter.java:117) ~[spring-web-5.3.19.jar:5.3.19]
	at org.apache.catalina.core.ApplicationFilterChain.internalDoFilter(ApplicationFilterChain.java:189) ~[tomcat-embed-core-9.0.62.jar:9.0.62]
	at org.apache.catalina.core.ApplicationFilterChain.doFilter(ApplicationFilterChain.java:162) ~[tomcat-embed-core-9.0.62.jar:9.0.62]
	at org.springframework.web.filter.CharacterEncodingFilter.doFilterInternal(CharacterEncodingFilter.java:201) ~[spring-web-5.3.19.jar:5.3.19]
	at org.springframework.web.filter.OncePerRequestFilter.doFilter(OncePerRequestFilter.java:117) ~[spring-web-5.3.19.jar:5.3.19]
	at org.apache.catalina.core.ApplicationFilterChain.internalDoFilter(ApplicationFilterChain.java:189) ~[tomcat-embed-core-9.0.62.jar:9.0.62]
	at org.apache.catalina.core.ApplicationFilterChain.doFilter(ApplicationFilterChain.java:162) ~[tomcat-embed-core-9.0.62.jar:9.0.62]
	at org.apache.catalina.core.StandardWrapperValve.invoke(StandardWrapperValve.java:197) ~[tomcat-embed-core-9.0.62.jar:9.0.62]
	at org.apache.catalina.core.StandardContextValve.invoke(StandardContextValve.java:97) ~[tomcat-embed-core-9.0.62.jar:9.0.62]
	at org.apache.catalina.authenticator.AuthenticatorBase.invoke(AuthenticatorBase.java:541) ~[tomcat-embed-core-9.0.62.jar:9.0.62]
	at org.apache.catalina.core.StandardHostValve.invoke(StandardHostValve.java:135) ~[tomcat-embed-core-9.0.62.jar:9.0.62]
	at org.apache.catalina.valves.ErrorReportValve.invoke(ErrorReportValve.java:92) ~[tomcat-embed-core-9.0.62.jar:9.0.62]
	at org.apache.catalina.core.StandardEngineValve.invoke(StandardEngineValve.java:78) ~[tomcat-embed-core-9.0.62.jar:9.0.62]
	at org.apache.catalina.connector.CoyoteAdapter.service(CoyoteAdapter.java:360) ~[tomcat-embed-core-9.0.62.jar:9.0.62]
	at org.apache.coyote.http11.Http11Processor.service(Http11Processor.java:399) ~[tomcat-embed-core-9.0.62.jar:9.0.62]
	at org.apache.coyote.AbstractProcessorLight.process(AbstractProcessorLight.java:65) ~[tomcat-embed-core-9.0.62.jar:9.0.62]
	at org.apache.coyote.AbstractProtocol$ConnectionHandler.process(AbstractProtocol.java:890) ~[tomcat-embed-core-9.0.62.jar:9.0.62]
	at org.apache.tomcat.util.net.NioEndpoint$SocketProcessor.doRun(NioEndpoint.java:1743) ~[tomcat-embed-core-9.0.62.jar:9.0.62]
	at org.apache.tomcat.util.net.SocketProcessorBase.run(SocketProcessorBase.java:49) ~[tomcat-embed-core-9.0.62.jar:9.0.62]
	at org.apache.tomcat.util.threads.ThreadPoolExecutor.runWorker(ThreadPoolExecutor.java:1191) ~[tomcat-embed-core-9.0.62.jar:9.0.62]
	at org.apache.tomcat.util.threads.ThreadPoolExecutor$Worker.run(ThreadPoolExecutor.java:659) ~[tomcat-embed-core-9.0.62.jar:9.0.62]
	at org.apache.tomcat.util.threads.TaskThread$WrappingRunnable.run(TaskThread.java:61) ~[tomcat-embed-core-9.0.62.jar:9.0.62]
	at java.base/java.lang.Thread.run(Thread.java:833) ~[na:na]
Caused by: com.fasterxml.jackson.core.JsonParseException: Unexpected character ('"' (code 34)): was expecting comma to separate Object entries
 at [Source: (org.springframework.util.StreamUtils$NonClosingInputStream); line: 3, column: 6]
	at com.fasterxml.jackson.core.JsonParser._constructError(JsonParser.java:2391) ~[jackson-core-2.13.2.jar:2.13.2]
	at com.fasterxml.jackson.core.base.ParserMinimalBase._reportError(ParserMinimalBase.java:735) ~[jackson-core-2.13.2.jar:2.13.2]
	at com.fasterxml.jackson.core.base.ParserMinimalBase._reportUnexpectedChar(ParserMinimalBase.java:659) ~[jackson-core-2.13.2.jar:2.13.2]
	at com.fasterxml.jackson.core.json.UTF8StreamJsonParser.nextFieldName(UTF8StreamJsonParser.java:1056) ~[jackson-core-2.13.2.jar:2.13.2]
	at com.fasterxml.jackson.databind.deser.BeanDeserializer.deserializeFromObject(BeanDeserializer.java:398) ~[jackson-databind-2.13.2.1.jar:2.13.2.1]
	at com.fasterxml.jackson.databind.deser.BeanDeserializer.deserialize(BeanDeserializer.java:184) ~[jackson-databind-2.13.2.1.jar:2.13.2.1]
	at com.fasterxml.jackson.databind.deser.DefaultDeserializationContext.readRootValue(DefaultDeserializationContext.java:322) ~[jackson-databind-2.13.2.1.jar:2.13.2.1]
	at com.fasterxml.jackson.databind.ObjectMapper._readMapAndClose(ObjectMapper.java:4674) ~[jackson-databind-2.13.2.1.jar:2.13.2.1]
	at com.fasterxml.jackson.databind.ObjectMapper.readValue(ObjectMapper.java:3682) ~[jackson-databind-2.13.2.1.jar:2.13.2.1]
	at org.springframework.http.converter.json.AbstractJackson2HttpMessageConverter.readJavaType(AbstractJackson2HttpMessageConverter.java:380) ~[spring-web-5.3.19.jar:5.3.19]
	... 51 common frames omitted

2022-07-13 12:53:24.168  WARN 14612 --- [http-nio-8080-exec-1] .m.m.a.ExceptionHandlerExceptionResolver : Resolved [org.springframework.http.converter.HttpMessageNotReadableException: JSON parse error: Unexpected character ('"' (code 34)): was expecting comma to separate Object entries; nested exception is com.fasterxml.jackson.core.JsonParseException: Unexpected character ('"' (code 34)): was expecting comma to separate Object entries<EOL> at [Source: (org.springframework.util.StreamUtils$NonClosingInputStream); line: 3, column: 6]]
2022-07-13 12:53:48.952  WARN 14612 --- [http-nio-8080-exec-4] .w.s.m.s.DefaultHandlerExceptionResolver : Resolved [org.springframework.web.HttpRequestMethodNotSupportedException: Request method 'POST' not supported]
2022-07-13 12:54:10.332  WARN 14612 --- [http-nio-8080-exec-5] .m.m.a.ExceptionHandlerExceptionResolver : Resolved [com.bridgelabz.employeepayrollapplication.exception.EmployeePayrollException: Employee with employeeOd 1does not exists...]
2022-07-13 12:55:41.017  WARN 14612 --- [http-nio-8080-exec-7] .m.m.a.ExceptionHandlerExceptionResolver : Resolved [org.springframework.web.bind.MethodArgumentNotValidException: Validation failed for argument [0] in public org.springframework.http.ResponseEntity<com.bridgelabz.employeepayrollapplication.DTO.ResponseDTO> com.bridgelabz.employeepayrollapplication.controllers.EmployeePayrollController.addEmployeePayrollData(com.bridgelabz.employeepayrollapplication.DTO.EmployeePayrollDTO) with 5 errors: [Field error in object 'employeePayrollDTO' on field 'note': rejected value [null]; codes [NotBlank.employeePayrollDTO.note,NotBlank.note,NotBlank]; arguments [org.springframework.context.support.DefaultMessageSourceResolvable: codes [employeePayrollDTO.note,note]; arguments []; default message [note]]; default message [note should not be empty]] [Field error in object 'employeePayrollDTO' on field 'profilePic': rejected value [null]; codes [NotBlank.employeePayrollDTO.profilePic,NotBlank.profilePic,NotBlank]; arguments [org.springframework.context.support.DefaultMessageSourceResolvable: codes [employeePayrollDTO.profilePic,profilePic]; arguments []; default message [profilePic]]; default message [profile pic should not be empty]] [Field error in object 'employeePayrollDTO' on field 'startDate': rejected value [null]; codes [NotNull.employeePayrollDTO.startDate,NotNull.startDate,NotNull]; arguments [org.springframework.context.support.DefaultMessageSourceResolvable: codes [employeePayrollDTO.startDate,startDate]; arguments []; default message [startDate]]; default message [start date should not be empty]] [Field error in object 'employeePayrollDTO' on field 'department': rejected value [null]; codes [NotNull.employeePayrollDTO.department,NotNull.department,NotNull]; arguments [org.springframework.context.support.DefaultMessageSourceResolvable: codes [employeePayrollDTO.department,department]; arguments []; default message [department]]; default message [department should not be empty]] [Field error in object 'employeePayrollDTO' on field 'name': rejected value [null]; codes [NotEmpty.employeePayrollDTO.name,NotEmpty.name,NotEmpty]; arguments [org.springframework.context.support.DefaultMessageSourceResolvable: codes [employeePayrollDTO.name,name]; arguments []; default message [name]]; default message [Employee name cannot be null]] ]
2022-07-13 13:05:07.217 ERROR 14612 --- [http-nio-8080-exec-9] c.b.e.e.EmployeePayrollExceptionHandler  : invalid date format

org.springframework.http.converter.HttpMessageNotReadableException: JSON parse error: Cannot deserialize value of type `java.time.LocalDate` from String "06/0/2022": Failed to deserialize java.time.LocalDate: (java.time.format.DateTimeParseException) Text '06/0/2022' could not be parsed at index 2; nested exception is com.fasterxml.jackson.databind.exc.InvalidFormatException: Cannot deserialize value of type `java.time.LocalDate` from String "06/0/2022": Failed to deserialize java.time.LocalDate: (java.time.format.DateTimeParseException) Text '06/0/2022' could not be parsed at index 2
 at [Source: (org.springframework.util.StreamUtils$NonClosingInputStream); line: 6, column: 17] (through reference chain: com.bridgelabz.employeepayrollapplication.DTO.EmployeePayrollDTO["startDate"])
	at org.springframework.http.converter.json.AbstractJackson2HttpMessageConverter.readJavaType(AbstractJackson2HttpMessageConverter.java:391) ~[spring-web-5.3.19.jar:5.3.19]
	at org.springframework.http.converter.json.AbstractJackson2HttpMessageConverter.read(AbstractJackson2HttpMessageConverter.java:343) ~[spring-web-5.3.19.jar:5.3.19]
	at org.springframework.web.servlet.mvc.method.annotation.AbstractMessageConverterMethodArgumentResolver.readWithMessageConverters(AbstractMessageConverterMethodArgumentResolver.java:185) ~[spring-webmvc-5.3.19.jar:5.3.19]
	at org.springframework.web.servlet.mvc.method.annotation.RequestResponseBodyMethodProcessor.readWithMessageConverters(RequestResponseBodyMethodProcessor.java:160) ~[spring-webmvc-5.3.19.jar:5.3.19]
	at org.springframework.web.servlet.mvc.method.annotation.RequestResponseBodyMethodProcessor.resolveArgument(RequestResponseBodyMethodProcessor.java:133) ~[spring-webmvc-5.3.19.jar:5.3.19]
	at org.springframework.web.method.support.HandlerMethodArgumentResolverComposite.resolveArgument(HandlerMethodArgumentResolverComposite.java:122) ~[spring-web-5.3.19.jar:5.3.19]
	at org.springframework.web.method.support.InvocableHandlerMethod.getMethodArgumentValues(InvocableHandlerMethod.java:179) ~[spring-web-5.3.19.jar:5.3.19]
	at org.springframework.web.method.support.InvocableHandlerMethod.invokeForRequest(InvocableHandlerMethod.java:146) ~[spring-web-5.3.19.jar:5.3.19]
	at org.springframework.web.servlet.mvc.method.annotation.ServletInvocableHandlerMethod.invokeAndHandle(ServletInvocableHandlerMethod.java:117) ~[spring-webmvc-5.3.19.jar:5.3.19]
	at org.springframework.web.servlet.mvc.method.annotation.RequestMappingHandlerAdapter.invokeHandlerMethod(RequestMappingHandlerAdapter.java:895) ~[spring-webmvc-5.3.19.jar:5.3.19]
	at org.springframework.web.servlet.mvc.method.annotation.RequestMappingHandlerAdapter.handleInternal(RequestMappingHandlerAdapter.java:808) ~[spring-webmvc-5.3.19.jar:5.3.19]
	at org.springframework.web.servlet.mvc.method.AbstractHandlerMethodAdapter.handle(AbstractHandlerMethodAdapter.java:87) ~[spring-webmvc-5.3.19.jar:5.3.19]
	at org.springframework.web.servlet.DispatcherServlet.doDispatch(DispatcherServlet.java:1067) ~[spring-webmvc-5.3.19.jar:5.3.19]
	at org.springframework.web.servlet.DispatcherServlet.doService(DispatcherServlet.java:963) ~[spring-webmvc-5.3.19.jar:5.3.19]
	at org.springframework.web.servlet.FrameworkServlet.processRequest(FrameworkServlet.java:1006) ~[spring-webmvc-5.3.19.jar:5.3.19]
	at org.springframework.web.servlet.FrameworkServlet.doPost(FrameworkServlet.java:909) ~[spring-webmvc-5.3.19.jar:5.3.19]
	at javax.servlet.http.HttpServlet.service(HttpServlet.java:681) ~[tomcat-embed-core-9.0.62.jar:4.0.FR]
	at org.springframework.web.servlet.FrameworkServlet.service(FrameworkServlet.java:883) ~[spring-webmvc-5.3.19.jar:5.3.19]
	at javax.servlet.http.HttpServlet.service(HttpServlet.java:764) ~[tomcat-embed-core-9.0.62.jar:4.0.FR]
	at org.apache.catalina.core.ApplicationFilterChain.internalDoFilter(ApplicationFilterChain.java:227) ~[tomcat-embed-core-9.0.62.jar:9.0.62]
	at org.apache.catalina.core.ApplicationFilterChain.doFilter(ApplicationFilterChain.java:162) ~[tomcat-embed-core-9.0.62.jar:9.0.62]
	at org.apache.tomcat.websocket.server.WsFilter.doFilter(WsFilter.java:53) ~[tomcat-embed-websocket-9.0.62.jar:9.0.62]
	at org.apache.catalina.core.ApplicationFilterChain.internalDoFilter(ApplicationFilterChain.java:189) ~[tomcat-embed-core-9.0.62.jar:9.0.62]
	at org.apache.catalina.core.ApplicationFilterChain.doFilter(ApplicationFilterChain.java:162) ~[tomcat-embed-core-9.0.62.jar:9.0.62]
	at org.springframework.web.filter.RequestContextFilter.doFilterInternal(RequestContextFilter.java:100) ~[spring-web-5.3.19.jar:5.3.19]
	at org.springframework.web.filter.OncePerRequestFilter.doFilter(OncePerRequestFilter.java:117) ~[spring-web-5.3.19.jar:5.3.19]
	at org.apache.catalina.core.ApplicationFilterChain.internalDoFilter(ApplicationFilterChain.java:189) ~[tomcat-embed-core-9.0.62.jar:9.0.62]
	at org.apache.catalina.core.ApplicationFilterChain.doFilter(ApplicationFilterChain.java:162) ~[tomcat-embed-core-9.0.62.jar:9.0.62]
	at org.springframework.web.filter.FormContentFilter.doFilterInternal(FormContentFilter.java:93) ~[spring-web-5.3.19.jar:5.3.19]
	at org.springframework.web.filter.OncePerRequestFilter.doFilter(OncePerRequestFilter.java:117) ~[spring-web-5.3.19.jar:5.3.19]
	at org.apache.catalina.core.ApplicationFilterChain.internalDoFilter(ApplicationFilterChain.java:189) ~[tomcat-embed-core-9.0.62.jar:9.0.62]
	at org.apache.catalina.core.ApplicationFilterChain.doFilter(ApplicationFilterChain.java:162) ~[tomcat-embed-core-9.0.62.jar:9.0.62]
	at org.springframework.web.filter.CharacterEncodingFilter.doFilterInternal(CharacterEncodingFilter.java:201) ~[spring-web-5.3.19.jar:5.3.19]
	at org.springframework.web.filter.OncePerRequestFilter.doFilter(OncePerRequestFilter.java:117) ~[spring-web-5.3.19.jar:5.3.19]
	at org.apache.catalina.core.ApplicationFilterChain.internalDoFilter(ApplicationFilterChain.java:189) ~[tomcat-embed-core-9.0.62.jar:9.0.62]
	at org.apache.catalina.core.ApplicationFilterChain.doFilter(ApplicationFilterChain.java:162) ~[tomcat-embed-core-9.0.62.jar:9.0.62]
	at org.apache.catalina.core.StandardWrapperValve.invoke(StandardWrapperValve.java:197) ~[tomcat-embed-core-9.0.62.jar:9.0.62]
	at org.apache.catalina.core.StandardContextValve.invoke(StandardContextValve.java:97) ~[tomcat-embed-core-9.0.62.jar:9.0.62]
	at org.apache.catalina.authenticator.AuthenticatorBase.invoke(AuthenticatorBase.java:541) ~[tomcat-embed-core-9.0.62.jar:9.0.62]
	at org.apache.catalina.core.StandardHostValve.invoke(StandardHostValve.java:135) ~[tomcat-embed-core-9.0.62.jar:9.0.62]
	at org.apache.catalina.valves.ErrorReportValve.invoke(ErrorReportValve.java:92) ~[tomcat-embed-core-9.0.62.jar:9.0.62]
	at org.apache.catalina.core.StandardEngineValve.invoke(StandardEngineValve.java:78) ~[tomcat-embed-core-9.0.62.jar:9.0.62]
	at org.apache.catalina.connector.CoyoteAdapter.service(CoyoteAdapter.java:360) ~[tomcat-embed-core-9.0.62.jar:9.0.62]
	at org.apache.coyote.http11.Http11Processor.service(Http11Processor.java:399) ~[tomcat-embed-core-9.0.62.jar:9.0.62]
	at org.apache.coyote.AbstractProcessorLight.process(AbstractProcessorLight.java:65) ~[tomcat-embed-core-9.0.62.jar:9.0.62]
	at org.apache.coyote.AbstractProtocol$ConnectionHandler.process(AbstractProtocol.java:890) ~[tomcat-embed-core-9.0.62.jar:9.0.62]
	at org.apache.tomcat.util.net.NioEndpoint$SocketProcessor.doRun(NioEndpoint.java:1743) ~[tomcat-embed-core-9.0.62.jar:9.0.62]
	at org.apache.tomcat.util.net.SocketProcessorBase.run(SocketProcessorBase.java:49) ~[tomcat-embed-core-9.0.62.jar:9.0.62]
	at org.apache.tomcat.util.threads.ThreadPoolExecutor.runWorker(ThreadPoolExecutor.java:1191) ~[tomcat-embed-core-9.0.62.jar:9.0.62]
	at org.apache.tomcat.util.threads.ThreadPoolExecutor$Worker.run(ThreadPoolExecutor.java:659) ~[tomcat-embed-core-9.0.62.jar:9.0.62]
	at org.apache.tomcat.util.threads.TaskThread$WrappingRunnable.run(TaskThread.java:61) ~[tomcat-embed-core-9.0.62.jar:9.0.62]
	at java.base/java.lang.Thread.run(Thread.java:833) ~[na:na]
Caused by: com.fasterxml.jackson.databind.exc.InvalidFormatException: Cannot deserialize value of type `java.time.LocalDate` from String "06/0/2022": Failed to deserialize java.time.LocalDate: (java.time.format.DateTimeParseException) Text '06/0/2022' could not be parsed at index 2
 at [Source: (org.springframework.util.StreamUtils$NonClosingInputStream); line: 6, column: 17] (through reference chain: com.bridgelabz.employeepayrollapplication.DTO.EmployeePayrollDTO["startDate"])
	at com.fasterxml.jackson.databind.exc.InvalidFormatException.from(InvalidFormatException.java:67) ~[jackson-databind-2.13.2.1.jar:2.13.2.1]
	at com.fasterxml.jackson.databind.DeserializationContext.weirdStringException(DeserializationContext.java:1991) ~[jackson-databind-2.13.2.1.jar:2.13.2.1]
	at com.fasterxml.jackson.databind.DeserializationContext.handleWeirdStringValue(DeserializationContext.java:1219) ~[jackson-databind-2.13.2.1.jar:2.13.2.1]
	at com.fasterxml.jackson.datatype.jsr310.deser.JSR310DeserializerBase._handleDateTimeException(JSR310DeserializerBase.java:176) ~[jackson-datatype-jsr310-2.13.2.jar:2.13.2]
	at com.fasterxml.jackson.datatype.jsr310.deser.LocalDateDeserializer._fromString(LocalDateDeserializer.java:172) ~[jackson-datatype-jsr310-2.13.2.jar:2.13.2]
	at com.fasterxml.jackson.datatype.jsr310.deser.LocalDateDeserializer.deserialize(LocalDateDeserializer.java:90) ~[jackson-datatype-jsr310-2.13.2.jar:2.13.2]
	at com.fasterxml.jackson.datatype.jsr310.deser.LocalDateDeserializer.deserialize(LocalDateDeserializer.java:36) ~[jackson-datatype-jsr310-2.13.2.jar:2.13.2]
	at com.fasterxml.jackson.databind.deser.impl.FieldProperty.deserializeAndSet(FieldProperty.java:138) ~[jackson-databind-2.13.2.1.jar:2.13.2.1]
	at com.fasterxml.jackson.databind.deser.BeanDeserializer.deserializeFromObject(BeanDeserializer.java:391) ~[jackson-databind-2.13.2.1.jar:2.13.2.1]
	at com.fasterxml.jackson.databind.deser.BeanDeserializer.deserialize(BeanDeserializer.java:184) ~[jackson-databind-2.13.2.1.jar:2.13.2.1]
	at com.fasterxml.jackson.databind.deser.DefaultDeserializationContext.readRootValue(DefaultDeserializationContext.java:322) ~[jackson-databind-2.13.2.1.jar:2.13.2.1]
	at com.fasterxml.jackson.databind.ObjectMapper._readMapAndClose(ObjectMapper.java:4674) ~[jackson-databind-2.13.2.1.jar:2.13.2.1]
	at com.fasterxml.jackson.databind.ObjectMapper.readValue(ObjectMapper.java:3682) ~[jackson-databind-2.13.2.1.jar:2.13.2.1]
	at org.springframework.http.converter.json.AbstractJackson2HttpMessageConverter.readJavaType(AbstractJackson2HttpMessageConverter.java:380) ~[spring-web-5.3.19.jar:5.3.19]
	... 51 common frames omitted
Caused by: java.time.format.DateTimeParseException: Text '06/0/2022' could not be parsed at index 2
	at java.base/java.time.format.DateTimeFormatter.parseResolved0(DateTimeFormatter.java:2052) ~[na:na]
	at java.base/java.time.format.DateTimeFormatter.parse(DateTimeFormatter.java:1954) ~[na:na]
	at java.base/java.time.LocalDate.parse(LocalDate.java:430) ~[na:na]
	at com.fasterxml.jackson.datatype.jsr310.deser.LocalDateDeserializer._fromString(LocalDateDeserializer.java:170) ~[jackson-datatype-jsr310-2.13.2.jar:2.13.2]
	... 60 common frames omitted

2022-07-13 13:05:07.226  WARN 14612 --- [http-nio-8080-exec-9] .m.m.a.ExceptionHandlerExceptionResolver : Resolved [org.springframework.http.converter.HttpMessageNotReadableException: JSON parse error: Cannot deserialize value of type `java.time.LocalDate` from String "06/0/2022": Failed to deserialize java.time.LocalDate: (java.time.format.DateTimeParseException) Text '06/0/2022' could not be parsed at index 2; nested exception is com.fasterxml.jackson.databind.exc.InvalidFormatException: Cannot deserialize value of type `java.time.LocalDate` from String "06/0/2022": Failed to deserialize java.time.LocalDate: (java.time.format.DateTimeParseException) Text '06/0/2022' could not be parsed at index 2<EOL> at [Source: (org.springframework.util.StreamUtils$NonClosingInputStream); line: 6, column: 17] (through reference chain: com.bridgelabz.employeepayrollapplication.DTO.EmployeePayrollDTO["startDate"])]
